06:47:52: PM: DEBUG [conexion.py: 23] Conexión exitosa: <connection object at 0x000001B6762217A0; dsn: 'user=postgres password=xxx dbname=test_db host=localhost port=5432', closed: 0>
06:47:52: PM: DEBUG [conexion.py: 36] Se abrió correctamente el cursor: <cursor object at 0x000001B67677B220; closed: 0>
07:13:23: PM: DEBUG [conexion.py: 23] Conexión exitosa: <connection object at 0x00000191E95517A0; dsn: 'user=postgres password=xxx dbname=test_db host=localhost port=5432', closed: 0>
07:15:05: PM: DEBUG [conexion.py: 23] Conexión exitosa: <connection object at 0x00000220AE1517A0; dsn: 'user=postgres password=xxx dbname=test_db host=localhost port=5432', closed: 0>
07:15:05: PM: DEBUG [conexion.py: 36] Se abrió correctamente el cursor: <cursor object at 0x00000220AE6AB220; closed: 0>
07:16:19: PM: DEBUG [conexion.py: 23] Conexión exitosa: <connection object at 0x000002126E6F17A0; dsn: 'user=postgres password=xxx dbname=test_db host=localhost port=5432', closed: 0>
07:16:19: PM: DEBUG [conexion.py: 36] Se abrió correctamente el cursor: <cursor object at 0x000002126EC4B220; closed: 0>
07:16:34: PM: DEBUG [conexion.py: 23] Conexión exitosa: <connection object at 0x000001F0D1E217A0; dsn: 'user=postgres password=xxx dbname=test_db host=localhost port=5432', closed: 0>
07:16:34: PM: DEBUG [conexion.py: 36] Se abrió correctamente el cursor: <cursor object at 0x000001F0D237B220; closed: 0>
07:16:34: PM: DEBUG [persona_DAO: 29] '
        Id persona:1, Nombre:juan
,
        Apellido:perez, Email:juanperez@gmail.com

        
07:16:34: PM: DEBUG [persona_DAO: 29] '
        Id persona:2, Nombre:katia,
        Apellido:robles, Email:katiarobles@gmail.com
        
07:16:34: PM: DEBUG [persona_DAO: 29] '
        Id persona:3, Nombre:karla,
        Apellido:Gomez, Email:Kgomez@gmailo.com
        
07:16:43: PM: DEBUG [conexion.py: 23] Conexión exitosa: <connection object at 0x000001F4F7C217A0; dsn: 'user=postgres password=xxx dbname=test_db host=localhost port=5432', closed: 0>
07:16:43: PM: DEBUG [conexion.py: 36] Se abrió correctamente el cursor: <cursor object at 0x000001F4F817B220; closed: 0>
07:16:43: PM: DEBUG [persona_DAO: 29] '
        Id persona:1, Nombre:juan
,
        Apellido:perez, Email:juanperez@gmail.com

        
07:16:43: PM: DEBUG [persona_DAO: 29] '
        Id persona:2, Nombre:katia,
        Apellido:robles, Email:katiarobles@gmail.com
        
07:16:43: PM: DEBUG [persona_DAO: 29] '
        Id persona:3, Nombre:karla,
        Apellido:Gomez, Email:Kgomez@gmailo.com
        
07:17:20: PM: DEBUG [conexion.py: 23] Conexión exitosa: <connection object at 0x000001DBEF0217A0; dsn: 'user=postgres password=xxx dbname=test_db host=localhost port=5432', closed: 0>
07:17:20: PM: DEBUG [conexion.py: 36] Se abrió correctamente el cursor: <cursor object at 0x000001DBEF57B140; closed: 0>
07:17:20: PM: DEBUG [persona_DAO: 29] '
        Id persona:1, Nombre:juan

        Apellido:perez, Email:juanperez@gmail.com

        
07:17:20: PM: DEBUG [persona_DAO: 29] '
        Id persona:2, Nombre:katia
        Apellido:robles, Email:katiarobles@gmail.com
        
07:17:20: PM: DEBUG [persona_DAO: 29] '
        Id persona:3, Nombre:karla
        Apellido:Gomez, Email:Kgomez@gmailo.com
        
07:18:14: PM: DEBUG [logger_base.py: 18] mensaje a nivel debug
07:18:14: PM: INFO [logger_base.py: 19] mensaje a nivel de info
07:18:14: PM: WARNING [logger_base.py: 20] mensaje a nivel de warning
07:18:14: PM: ERROR [logger_base.py: 21] mensaje a nivel de error
07:18:14: PM: CRITICAL [logger_base.py: 22] mensaje a nivel de critical
07:19:45: PM: DEBUG [conexion.py: 23] Conexión exitosa: <connection object at 0x000001C27BA517A0; dsn: 'user=postgres password=xxx dbname=test_db host=localhost port=5432', closed: 0>
07:19:45: PM: DEBUG [conexion.py: 36] Se abrió correctamente el cursor: <cursor object at 0x000001C27BFAB220; closed: 0>
07:19:45: PM: DEBUG [persona_DAO: 29] '
        Id persona:1, Nombre:juan

        Apellido:perez, Email:juanperez@gmail.com

        
07:19:45: PM: DEBUG [persona_DAO: 29] '
        Id persona:2, Nombre:katia
        Apellido:robles, Email:katiarobles@gmail.com
        
07:19:45: PM: DEBUG [persona_DAO: 29] '
        Id persona:3, Nombre:karla
        Apellido:Gomez, Email:Kgomez@gmailo.com
        
